# JRE version: Java(TM) SE Runtime Environment (12.0.2+10) (build 12.0.2+10)
# Java VM: Java HotSpot(TM) 64-Bit Server VM (12.0.2+10, mixed mode, sharing, tiered, compressed oops, g1 gc, windows-amd64)
Heap:
 garbage-first heap   total 55296K, used 39480K [0x00000000c1600000, 0x0000000100000000)
  region size 1024K, 10 young (10240K), 1 survivors (1024K)
 Metaspace       used 26814K, capacity 27515K, committed 27772K, reserved 1073152K
  class space    used 3342K, capacity 3607K, committed 3712K, reserved 1048576K
GC Heap History (10 events):
Event: 4.257 GC heap before
{Heap before GC invocations=3 (full 0):
 garbage-first heap   total 65536K, used 40018K [0x00000000c1600000, 0x0000000100000000)
  region size 1024K, 35 young (35840K), 5 survivors (5120K)
 Metaspace       used 20592K, capacity 21220K, committed 21248K, reserved 1067008K
  class space    used 2557K, capacity 2791K, committed 2816K, reserved 1048576K
}
Event: 4.267 GC heap after
{Heap after GC invocations=4 (full 0):
 garbage-first heap   total 65536K, used 11323K [0x00000000c1600000, 0x0000000100000000)
  region size 1024K, 4 young (4096K), 4 survivors (4096K)
 Metaspace       used 20592K, capacity 21220K, committed 21248K, reserved 1067008K
  class space    used 2557K, capacity 2791K, committed 2816K, reserved 1048576K
}
Event: 4.301 GC heap before
{Heap before GC invocations=5 (full 0):
 garbage-first heap   total 45056K, used 12347K [0x00000000c1600000, 0x0000000100000000)
  region size 1024K, 6 young (6144K), 4 survivors (4096K)
 Metaspace       used 20740K, capacity 21380K, committed 21628K, reserved 1069056K
  class space    used 2589K, capacity 2823K, committed 2944K, reserved 1048576K
}
Event: 4.307 GC heap after
{Heap after GC invocations=6 (full 0):
 garbage-first heap   total 54272K, used 11643K [0x00000000c1600000, 0x0000000100000000)
  region size 1024K, 2 young (2048K), 2 survivors (2048K)
 Metaspace       used 20740K, capacity 21380K, committed 21628K, reserved 1069056K
  class space    used 2589K, capacity 2823K, committed 2944K, reserved 1048576K
}
Event: 19.247 GC heap before
{Heap before GC invocations=7 (full 0):
 garbage-first heap   total 54272K, used 51579K [0x00000000c1600000, 0x0000000100000000)
  region size 1024K, 24 young (24576K), 2 survivors (2048K)
 Metaspace       used 23469K, capacity 24172K, committed 24444K, reserved 1071104K
  class space    used 2893K, capacity 3154K, committed 3200K, reserved 1048576K
}
Event: 19.251 GC heap after
{Heap after GC invocations=8 (full 0):
 garbage-first heap   total 55296K, used 29540K [0x00000000c1600000, 0x0000000100000000)
  region size 1024K, 2 young (2048K), 2 survivors (2048K)
 Metaspace       used 23469K, capacity 24172K, committed 24444K, reserved 1071104K
  class space    used 2893K, capacity 3154K, committed 3200K, reserved 1048576K
}
Event: 19.726 GC heap before
{Heap before GC invocations=8 (full 0):
 garbage-first heap   total 55296K, used 41828K [0x00000000c1600000, 0x0000000100000000)
  region size 1024K, 14 young (14336K), 2 survivors (2048K)
 Metaspace       used 24737K, capacity 25428K, committed 25596K, reserved 1071104K
  class space    used 3061K, capacity 3317K, committed 3328K, reserved 1048576K
}
Event: 19.733 GC heap after
{Heap after GC invocations=9 (full 0):
 garbage-first heap   total 55296K, used 30739K [0x00000000c1600000, 0x0000000100000000)
  region size 1024K, 2 young (2048K), 2 survivors (2048K)
 Metaspace       used 24737K, capacity 25428K, committed 25596K, reserved 1071104K
  class space    used 3061K, capacity 3317K, committed 3328K, reserved 1048576K
}
Event: 20.157 GC heap before
{Heap before GC invocations=10 (full 0):
 garbage-first heap   total 55296K, used 42003K [0x00000000c1600000, 0x0000000100000000)
  region size 1024K, 13 young (13312K), 2 survivors (2048K)
 Metaspace       used 26104K, capacity 26767K, committed 27132K, reserved 1073152K
  class space    used 3242K, capacity 3486K, committed 3584K, reserved 1048576K
}
Event: 20.161 GC heap after
{Heap after GC invocations=11 (full 0):
 garbage-first heap   total 55296K, used 31288K [0x00000000c1600000, 0x0000000100000000)
  region size 1024K, 1 young (1024K), 1 survivors (1024K)
 Metaspace       used 26104K, capacity 26767K, committed 27132K, reserved 1073152K
  class space    used 3242K, capacity 3486K, committed 3584K, reserved 1048576K
}

