# JRE version: Java(TM) SE Runtime Environment (8.0_281-b09) (build 1.8.0_281-b09)
# Java VM: Java HotSpot(TM) 64-Bit Server VM (25.281-b09 mixed mode windows-amd64 compressed oops)
Heap:
 PSYoungGen      total 51200K, used 9587K [0x00000000eb200000, 0x00000000efd80000, 0x0000000100000000)
  eden space 46592K, 11% used [0x00000000eb200000,0x00000000eb7224d0,0x00000000edf80000)
  from space 4608K, 93% used [0x00000000ef900000,0x00000000efd3aa20,0x00000000efd80000)
  to   space 6656K, 0% used [0x00000000ef080000,0x00000000ef080000,0x00000000ef700000)
 ParOldGen       total 37888K, used 24444K [0x00000000c1600000, 0x00000000c3b00000, 0x00000000eb200000)
  object space 37888K, 64% used [0x00000000c1600000,0x00000000c2ddf168,0x00000000c3b00000)
 Metaspace       used 24750K, capacity 25656K, committed 25728K, reserved 1071104K
  class space    used 3176K, capacity 3426K, committed 3456K, reserved 1048576K
GC Heap History (10 events):
Event: 1.892 GC heap before
{Heap before GC invocations=3 (full 0):
 PSYoungGen      total 18944K, used 18937K [0x00000000eb200000, 0x00000000ec700000, 0x0000000100000000)
  eden space 16384K, 100% used [0x00000000eb200000,0x00000000ec200000,0x00000000ec200000)
  from space 2560K, 99% used [0x00000000ec480000,0x00000000ec6fe580,0x00000000ec700000)
  to   space 2560K, 0% used [0x00000000ec200000,0x00000000ec200000,0x00000000ec480000)
 ParOldGen       total 44032K, used 1856K [0x00000000c1600000, 0x00000000c4100000, 0x00000000eb200000)
  object space 44032K, 4% used [0x00000000c1600000,0x00000000c17d0248,0x00000000c4100000)
 Metaspace       used 13435K, capacity 13750K, committed 14080K, reserved 1060864K
  class space    used 1606K, capacity 1705K, committed 1792K, reserved 1048576K
Event: 1.898 GC heap after
Heap after GC invocations=3 (full 0):
 PSYoungGen      total 18944K, used 2559K [0x00000000eb200000, 0x00000000ed700000, 0x0000000100000000)
  eden space 16384K, 0% used [0x00000000eb200000,0x00000000eb200000,0x00000000ec200000)
  from space 2560K, 99% used [0x00000000ec200000,0x00000000ec47fdb0,0x00000000ec480000)
  to   space 2560K, 0% used [0x00000000ed480000,0x00000000ed480000,0x00000000ed700000)
 ParOldGen       total 44032K, used 3833K [0x00000000c1600000, 0x00000000c4100000, 0x00000000eb200000)
  object space 44032K, 8% used [0x00000000c1600000,0x00000000c19be5e8,0x00000000c4100000)
 Metaspace       used 13435K, capacity 13750K, committed 14080K, reserved 1060864K
  class space    used 1606K, capacity 1705K, committed 1792K, reserved 1048576K
}
Event: 2.416 GC heap before
{Heap before GC invocations=4 (full 0):
 PSYoungGen      total 18944K, used 18943K [0x00000000eb200000, 0x00000000ed700000, 0x0000000100000000)
  eden space 16384K, 100% used [0x00000000eb200000,0x00000000ec200000,0x00000000ec200000)
  from space 2560K, 99% used [0x00000000ec200000,0x00000000ec47fdb0,0x00000000ec480000)
  to   space 2560K, 0% used [0x00000000ed480000,0x00000000ed480000,0x00000000ed700000)
 ParOldGen       total 44032K, used 3833K [0x00000000c1600000, 0x00000000c4100000, 0x00000000eb200000)
  object space 44032K, 8% used [0x00000000c1600000,0x00000000c19be5e8,0x00000000c4100000)
 Metaspace       used 15917K, capacity 16278K, committed 16384K, reserved 1062912K
  class space    used 1885K, capacity 2009K, committed 2048K, reserved 1048576K
Event: 2.424 GC heap after
Heap after GC invocations=4 (full 0):
 PSYoungGen      total 35328K, used 2537K [0x00000000eb200000, 0x00000000ed700000, 0x0000000100000000)
  eden space 32768K, 0% used [0x00000000eb200000,0x00000000eb200000,0x00000000ed200000)
  from space 2560K, 99% used [0x00000000ed480000,0x00000000ed6fa5b0,0x00000000ed700000)
  to   space 2560K, 0% used [0x00000000ed200000,0x00000000ed200000,0x00000000ed480000)
 ParOldGen       total 44032K, used 7082K [0x00000000c1600000, 0x00000000c4100000, 0x00000000eb200000)
  object space 44032K, 16% used [0x00000000c1600000,0x00000000c1ceab40,0x00000000c4100000)
 Metaspace       used 15917K, capacity 16278K, committed 16384K, reserved 1062912K
  class space    used 1885K, capacity 2009K, committed 2048K, reserved 1048576K
}
Event: 3.486 GC heap before
{Heap before GC invocations=5 (full 0):
 PSYoungGen      total 35328K, used 31710K [0x00000000eb200000, 0x00000000ed700000, 0x0000000100000000)
  eden space 32768K, 89% used [0x00000000eb200000,0x00000000ece7d558,0x00000000ed200000)
  from space 2560K, 99% used [0x00000000ed480000,0x00000000ed6fa5b0,0x00000000ed700000)
  to   space 2560K, 0% used [0x00000000ed200000,0x00000000ed200000,0x00000000ed480000)
 ParOldGen       total 44032K, used 7082K [0x00000000c1600000, 0x00000000c4100000, 0x00000000eb200000)
  object space 44032K, 16% used [0x00000000c1600000,0x00000000c1ceab40,0x00000000c4100000)
 Metaspace       used 20453K, capacity 21172K, committed 21296K, reserved 1069056K
  class space    used 2517K, capacity 2682K, committed 2688K, reserved 1048576K
Event: 3.494 GC heap after
Heap after GC invocations=5 (full 0):
 PSYoungGen      total 35328K, used 2532K [0x00000000eb200000, 0x00000000f0000000, 0x0000000100000000)
  eden space 32768K, 0% used [0x00000000eb200000,0x00000000eb200000,0x00000000ed200000)
  from space 2560K, 98% used [0x00000000ed200000,0x00000000ed479308,0x00000000ed480000)
  to   space 7168K, 0% used [0x00000000ef900000,0x00000000ef900000,0x00000000f0000000)
 ParOldGen       total 44032K, used 10359K [0x00000000c1600000, 0x00000000c4100000, 0x00000000eb200000)
  object space 44032K, 23% used [0x00000000c1600000,0x00000000c201dd48,0x00000000c4100000)
 Metaspace       used 20453K, capacity 21172K, committed 21296K, reserved 1069056K
  class space    used 2517K, capacity 2682K, committed 2688K, reserved 1048576K
}
Event: 3.494 GC heap before
{Heap before GC invocations=6 (full 1):
 PSYoungGen      total 35328K, used 2532K [0x00000000eb200000, 0x00000000f0000000, 0x0000000100000000)
  eden space 32768K, 0% used [0x00000000eb200000,0x00000000eb200000,0x00000000ed200000)
  from space 2560K, 98% used [0x00000000ed200000,0x00000000ed479308,0x00000000ed480000)
  to   space 7168K, 0% used [0x00000000ef900000,0x00000000ef900000,0x00000000f0000000)
 ParOldGen       total 44032K, used 10359K [0x00000000c1600000, 0x00000000c4100000, 0x00000000eb200000)
  object space 44032K, 23% used [0x00000000c1600000,0x00000000c201dd48,0x00000000c4100000)
 Metaspace       used 20453K, capacity 21172K, committed 21296K, reserved 1069056K
  class space    used 2517K, capacity 2682K, committed 2688K, reserved 1048576K
Event: 3.536 GC heap after
Heap after GC invocations=6 (full 1):
 PSYoungGen      total 35328K, used 0K [0x00000000eb200000, 0x00000000f0000000, 0x0000000100000000)
  eden space 32768K, 0% used [0x00000000eb200000,0x00000000eb200000,0x00000000ed200000)
  from space 2560K, 0% used [0x00000000ed200000,0x00000000ed200000,0x00000000ed480000)
  to   space 7168K, 0% used [0x00000000ef900000,0x00000000ef900000,0x00000000f0000000)
 ParOldGen       total 37888K, used 8052K [0x00000000c1600000, 0x00000000c3b00000, 0x00000000eb200000)
  object space 37888K, 21% used [0x00000000c1600000,0x00000000c1ddd158,0x00000000c3b00000)
 Metaspace       used 20453K, capacity 21172K, committed 21296K, reserved 1069056K
  class space    used 2517K, capacity 2682K, committed 2688K, reserved 1048576K
}
Event: 11.944 GC heap before
{Heap before GC invocations=7 (full 1):
 PSYoungGen      total 35328K, used 32768K [0x00000000eb200000, 0x00000000f0000000, 0x0000000100000000)
  eden space 32768K, 100% used [0x00000000eb200000,0x00000000ed200000,0x00000000ed200000)
  from space 2560K, 0% used [0x00000000ed200000,0x00000000ed200000,0x00000000ed480000)
  to   space 7168K, 0% used [0x00000000ef900000,0x00000000ef900000,0x00000000f0000000)
 ParOldGen       total 37888K, used 24436K [0x00000000c1600000, 0x00000000c3b00000, 0x00000000eb200000)
  object space 37888K, 64% used [0x00000000c1600000,0x00000000c2ddd168,0x00000000c3b00000)
 Metaspace       used 24421K, capacity 25298K, committed 25472K, reserved 1071104K
  class space    used 3121K, capacity 3349K, committed 3456K, reserved 1048576K
Event: 11.954 GC heap after
Heap after GC invocations=7 (full 1):
 PSYoungGen      total 51200K, used 4330K [0x00000000eb200000, 0x00000000efd80000, 0x0000000100000000)
  eden space 46592K, 0% used [0x00000000eb200000,0x00000000eb200000,0x00000000edf80000)
  from space 4608K, 93% used [0x00000000ef900000,0x00000000efd3aa20,0x00000000efd80000)
  to   space 6656K, 0% used [0x00000000ef080000,0x00000000ef080000,0x00000000ef700000)
 ParOldGen       total 37888K, used 24444K [0x00000000c1600000, 0x00000000c3b00000, 0x00000000eb200000)
  object space 37888K, 64% used [0x00000000c1600000,0x00000000c2ddf168,0x00000000c3b00000)
 Metaspace       used 24421K, capacity 25298K, committed 25472K, reserved 1071104K
  class space    used 3121K, capacity 3349K, committed 3456K, reserved 1048576K
}

