# JRE version: Java(TM) SE Runtime Environment (12.0.2+10) (build 12.0.2+10)
# Java VM: Java HotSpot(TM) 64-Bit Server VM (12.0.2+10, mixed mode, sharing, tiered, compressed oops, g1 gc, windows-amd64)
Heap:
 garbage-first heap   total 54272K, used 28970K [0x00000000c1600000, 0x0000000100000000)
  region size 1024K, 3 young (3072K), 2 survivors (2048K)
 Metaspace       used 20808K, capacity 21412K, committed 21628K, reserved 1069056K
  class space    used 2600K, capacity 2855K, committed 2944K, reserved 1048576K
GC Heap History (10 events):
Event: 0.503 GC heap before
{Heap before GC invocations=0 (full 0):
 garbage-first heap   total 65536K, used 14336K [0x00000000c1600000, 0x0000000100000000)
  region size 1024K, 14 young (14336K), 0 survivors (0K)
 Metaspace       used 1892K, capacity 5212K, committed 5376K, reserved 1056768K
  class space    used 189K, capacity 504K, committed 512K, reserved 1048576K
}
Event: 0.512 GC heap after
{Heap after GC invocations=1 (full 0):
 garbage-first heap   total 65536K, used 5598K [0x00000000c1600000, 0x0000000100000000)
  region size 1024K, 2 young (2048K), 2 survivors (2048K)
 Metaspace       used 1892K, capacity 5212K, committed 5376K, reserved 1056768K
  class space    used 189K, capacity 504K, committed 512K, reserved 1048576K
}
Event: 1.717 GC heap before
{Heap before GC invocations=1 (full 0):
 garbage-first heap   total 65536K, used 42462K [0x00000000c1600000, 0x0000000100000000)
  region size 1024K, 38 young (38912K), 2 survivors (2048K)
 Metaspace       used 9114K, capacity 9439K, committed 9728K, reserved 1058816K
  class space    used 1074K, capacity 1176K, committed 1280K, reserved 1048576K
}
Event: 1.726 GC heap after
{Heap after GC invocations=2 (full 0):
 garbage-first heap   total 65536K, used 7939K [0x00000000c1600000, 0x0000000100000000)
  region size 1024K, 5 young (5120K), 5 survivors (5120K)
 Metaspace       used 9114K, capacity 9439K, committed 9728K, reserved 1058816K
  class space    used 1074K, capacity 1176K, committed 1280K, reserved 1048576K
}
Event: 2.299 GC heap before
{Heap before GC invocations=2 (full 0):
 garbage-first heap   total 65536K, used 39683K [0x00000000c1600000, 0x0000000100000000)
  region size 1024K, 36 young (36864K), 5 survivors (5120K)
 Metaspace       used 15531K, capacity 15946K, committed 16128K, reserved 1062912K
  class space    used 1834K, capacity 1956K, committed 2048K, reserved 1048576K
}
Event: 2.308 GC heap after
{Heap after GC invocations=3 (full 0):
 garbage-first heap   total 65536K, used 10315K [0x00000000c1600000, 0x0000000100000000)
  region size 1024K, 5 young (5120K), 5 survivors (5120K)
 Metaspace       used 15531K, capacity 15946K, committed 16128K, reserved 1062912K
  class space    used 1834K, capacity 1956K, committed 2048K, reserved 1048576K
}
Event: 3.737 GC heap before
{Heap before GC invocations=3 (full 0):
 garbage-first heap   total 65536K, used 40011K [0x00000000c1600000, 0x0000000100000000)
  region size 1024K, 35 young (35840K), 5 survivors (5120K)
 Metaspace       used 20629K, capacity 21220K, committed 21248K, reserved 1067008K
  class space    used 2560K, capacity 2791K, committed 2816K, reserved 1048576K
}
Event: 3.746 GC heap after
{Heap after GC invocations=4 (full 0):
 garbage-first heap   total 65536K, used 11466K [0x00000000c1600000, 0x0000000100000000)
  region size 1024K, 4 young (4096K), 4 survivors (4096K)
 Metaspace       used 20629K, capacity 21220K, committed 21248K, reserved 1067008K
  class space    used 2560K, capacity 2791K, committed 2816K, reserved 1048576K
}
Event: 3.784 GC heap before
{Heap before GC invocations=5 (full 0):
 garbage-first heap   total 45056K, used 12490K [0x00000000c1600000, 0x0000000100000000)
  region size 1024K, 6 young (6144K), 4 survivors (4096K)
 Metaspace       used 20759K, capacity 21380K, committed 21628K, reserved 1069056K
  class space    used 2592K, capacity 2823K, committed 2944K, reserved 1048576K
}
Event: 3.790 GC heap after
{Heap after GC invocations=6 (full 0):
 garbage-first heap   total 54272K, used 11562K [0x00000000c1600000, 0x0000000100000000)
  region size 1024K, 2 young (2048K), 2 survivors (2048K)
 Metaspace       used 20759K, capacity 21380K, committed 21628K, reserved 1069056K
  class space    used 2592K, capacity 2823K, committed 2944K, reserved 1048576K
}

