# JRE version: Java(TM) SE Runtime Environment (8.0_281-b09) (build 1.8.0_281-b09)
# Java VM: Java HotSpot(TM) 64-Bit Server VM (25.281-b09 mixed mode windows-amd64 compressed oops)
Heap:
 PSYoungGen      total 168448K, used 9181K [0x00000000eb200000, 0x00000000f6800000, 0x0000000100000000)
  eden space 153600K, 5% used [0x00000000eb200000,0x00000000ebaf75a8,0x00000000f4800000)
  from space 14848K, 0% used [0x00000000f5980000,0x00000000f5980000,0x00000000f6800000)
  to   space 16384K, 0% used [0x00000000f4800000,0x00000000f4800000,0x00000000f5800000)
 ParOldGen       total 44032K, used 26369K [0x00000000c1600000, 0x00000000c4100000, 0x00000000eb200000)
  object space 44032K, 59% used [0x00000000c1600000,0x00000000c2fc04e8,0x00000000c4100000)
 Metaspace       used 25772K, capacity 26314K, committed 27136K, reserved 1075200K
  class space    used 2985K, capacity 3136K, committed 3328K, reserved 1048576K
GC Heap History (10 events):
Event: 3.114 GC heap before
{Heap before GC invocations=6 (full 0):
 PSYoungGen      total 35328K, used 35312K [0x00000000eb200000, 0x00000000f0000000, 0x0000000100000000)
  eden space 32768K, 100% used [0x00000000eb200000,0x00000000ed200000,0x00000000ed200000)
  from space 2560K, 99% used [0x00000000ed200000,0x00000000ed47c010,0x00000000ed480000)
  to   space 7168K, 0% used [0x00000000ef900000,0x00000000ef900000,0x00000000f0000000)
 ParOldGen       total 44032K, used 9822K [0x00000000c1600000, 0x00000000c4100000, 0x00000000eb200000)
  object space 44032K, 22% used [0x00000000c1600000,0x00000000c1f97850,0x00000000c4100000)
 Metaspace       used 15446K, capacity 15666K, committed 15744K, reserved 1062912K
  class space    used 1835K, capacity 1915K, committed 1920K, reserved 1048576K
Event: 3.130 GC heap after
Heap after GC invocations=6 (full 0):
 PSYoungGen      total 72704K, used 4625K [0x00000000eb200000, 0x00000000f0000000, 0x0000000100000000)
  eden space 65536K, 0% used [0x00000000eb200000,0x00000000eb200000,0x00000000ef200000)
  from space 7168K, 64% used [0x00000000ef900000,0x00000000efd846d8,0x00000000f0000000)
  to   space 7168K, 0% used [0x00000000ef200000,0x00000000ef200000,0x00000000ef900000)
 ParOldGen       total 44032K, used 9830K [0x00000000c1600000, 0x00000000c4100000, 0x00000000eb200000)
  object space 44032K, 22% used [0x00000000c1600000,0x00000000c1f99850,0x00000000c4100000)
 Metaspace       used 15446K, capacity 15666K, committed 15744K, reserved 1062912K
  class space    used 1835K, capacity 1915K, committed 1920K, reserved 1048576K
}
Event: 4.472 GC heap before
{Heap before GC invocations=7 (full 0):
 PSYoungGen      total 72704K, used 70161K [0x00000000eb200000, 0x00000000f0000000, 0x0000000100000000)
  eden space 65536K, 100% used [0x00000000eb200000,0x00000000ef200000,0x00000000ef200000)
  from space 7168K, 64% used [0x00000000ef900000,0x00000000efd846d8,0x00000000f0000000)
  to   space 7168K, 0% used [0x00000000ef200000,0x00000000ef200000,0x00000000ef900000)
 ParOldGen       total 44032K, used 9830K [0x00000000c1600000, 0x00000000c4100000, 0x00000000eb200000)
  object space 44032K, 22% used [0x00000000c1600000,0x00000000c1f99850,0x00000000c4100000)
 Metaspace       used 16587K, capacity 16994K, committed 17280K, reserved 1064960K
  class space    used 1932K, capacity 2059K, committed 2176K, reserved 1048576K
Event: 4.495 GC heap after
Heap after GC invocations=7 (full 0):
 PSYoungGen      total 72704K, used 7168K [0x00000000eb200000, 0x00000000f4300000, 0x0000000100000000)
  eden space 65536K, 0% used [0x00000000eb200000,0x00000000eb200000,0x00000000ef200000)
  from space 7168K, 100% used [0x00000000ef200000,0x00000000ef900000,0x00000000ef900000)
  to   space 8704K, 0% used [0x00000000f3a80000,0x00000000f3a80000,0x00000000f4300000)
 ParOldGen       total 44032K, used 11050K [0x00000000c1600000, 0x00000000c4100000, 0x00000000eb200000)
  object space 44032K, 25% used [0x00000000c1600000,0x00000000c20caa38,0x00000000c4100000)
 Metaspace       used 16587K, capacity 16994K, committed 17280K, reserved 1064960K
  class space    used 1932K, capacity 2059K, committed 2176K, reserved 1048576K
}
Event: 5.655 GC heap before
{Heap before GC invocations=8 (full 0):
 PSYoungGen      total 72704K, used 41247K [0x00000000eb200000, 0x00000000f4300000, 0x0000000100000000)
  eden space 65536K, 52% used [0x00000000eb200000,0x00000000ed347ce0,0x00000000ef200000)
  from space 7168K, 100% used [0x00000000ef200000,0x00000000ef900000,0x00000000ef900000)
  to   space 8704K, 0% used [0x00000000f3a80000,0x00000000f3a80000,0x00000000f4300000)
 ParOldGen       total 44032K, used 11050K [0x00000000c1600000, 0x00000000c4100000, 0x00000000eb200000)
  object space 44032K, 25% used [0x00000000c1600000,0x00000000c20caa38,0x00000000c4100000)
 Metaspace       used 20694K, capacity 21158K, committed 21296K, reserved 1069056K
  class space    used 2471K, capacity 2619K, committed 2688K, reserved 1048576K
Event: 5.720 GC heap after
Heap after GC invocations=8 (full 0):
 PSYoungGen      total 137728K, used 8679K [0x00000000eb200000, 0x00000000f4700000, 0x0000000100000000)
  eden space 129024K, 0% used [0x00000000eb200000,0x00000000eb200000,0x00000000f3000000)
  from space 8704K, 99% used [0x00000000f3a80000,0x00000000f42f9ff0,0x00000000f4300000)
  to   space 10752K, 0% used [0x00000000f3000000,0x00000000f3000000,0x00000000f3a80000)
 ParOldGen       total 44032K, used 12742K [0x00000000c1600000, 0x00000000c4100000, 0x00000000eb200000)
  object space 44032K, 28% used [0x00000000c1600000,0x00000000c2271908,0x00000000c4100000)
 Metaspace       used 20694K, capacity 21158K, committed 21296K, reserved 1069056K
  class space    used 2471K, capacity 2619K, committed 2688K, reserved 1048576K
}
Event: 5.720 GC heap before
{Heap before GC invocations=9 (full 1):
 PSYoungGen      total 137728K, used 8679K [0x00000000eb200000, 0x00000000f4700000, 0x0000000100000000)
  eden space 129024K, 0% used [0x00000000eb200000,0x00000000eb200000,0x00000000f3000000)
  from space 8704K, 99% used [0x00000000f3a80000,0x00000000f42f9ff0,0x00000000f4300000)
  to   space 10752K, 0% used [0x00000000f3000000,0x00000000f3000000,0x00000000f3a80000)
 ParOldGen       total 44032K, used 12742K [0x00000000c1600000, 0x00000000c4100000, 0x00000000eb200000)
  object space 44032K, 28% used [0x00000000c1600000,0x00000000c2271908,0x00000000c4100000)
 Metaspace       used 20694K, capacity 21158K, committed 21296K, reserved 1069056K
  class space    used 2471K, capacity 2619K, committed 2688K, reserved 1048576K
Event: 5.954 GC heap after
Heap after GC invocations=9 (full 1):
 PSYoungGen      total 137728K, used 0K [0x00000000eb200000, 0x00000000f4700000, 0x0000000100000000)
  eden space 129024K, 0% used [0x00000000eb200000,0x00000000eb200000,0x00000000f3000000)
  from space 8704K, 0% used [0x00000000f3a80000,0x00000000f3a80000,0x00000000f4300000)
  to   space 10752K, 0% used [0x00000000f3000000,0x00000000f3000000,0x00000000f3a80000)
 ParOldGen       total 44032K, used 13124K [0x00000000c1600000, 0x00000000c4100000, 0x00000000eb200000)
  object space 44032K, 29% used [0x00000000c1600000,0x00000000c22d1340,0x00000000c4100000)
 Metaspace       used 20694K, capacity 21158K, committed 21296K, reserved 1069056K
  class space    used 2471K, capacity 2619K, committed 2688K, reserved 1048576K
}
Event: 9.675 GC heap before
{Heap before GC invocations=10 (full 1):
 PSYoungGen      total 137728K, used 129024K [0x00000000eb200000, 0x00000000f4700000, 0x0000000100000000)
  eden space 129024K, 100% used [0x00000000eb200000,0x00000000f3000000,0x00000000f3000000)
  from space 8704K, 0% used [0x00000000f3a80000,0x00000000f3a80000,0x00000000f4300000)
  to   space 10752K, 0% used [0x00000000f3000000,0x00000000f3000000,0x00000000f3a80000)
 ParOldGen       total 44032K, used 13124K [0x00000000c1600000, 0x00000000c4100000, 0x00000000eb200000)
  object space 44032K, 29% used [0x00000000c1600000,0x00000000c22d1340,0x00000000c4100000)
 Metaspace       used 24687K, capacity 25306K, committed 25600K, reserved 1071104K
  class space    used 2841K, capacity 2992K, committed 3072K, reserved 1048576K
Event: 9.709 GC heap after
Heap after GC invocations=10 (full 1):
 PSYoungGen      total 139776K, used 10721K [0x00000000eb200000, 0x00000000f6800000, 0x0000000100000000)
  eden space 129024K, 0% used [0x00000000eb200000,0x00000000eb200000,0x00000000f3000000)
  from space 10752K, 99% used [0x00000000f3000000,0x00000000f3a78450,0x00000000f3a80000)
  to   space 14848K, 0% used [0x00000000f5980000,0x00000000f5980000,0x00000000f6800000)
 ParOldGen       total 44032K, used 20533K [0x00000000c1600000, 0x00000000c4100000, 0x00000000eb200000)
  object space 44032K, 46% used [0x00000000c1600000,0x00000000c2a0d668,0x00000000c4100000)
 Metaspace       used 24687K, capacity 25306K, committed 25600K, reserved 1071104K
  class space    used 2841K, capacity 2992K, committed 3072K, reserved 1048576K
}

