# JRE version: Java(TM) SE Runtime Environment (8.0_281-b09) (build 1.8.0_281-b09)
# Java VM: Java HotSpot(TM) 64-Bit Server VM (25.281-b09 mixed mode windows-amd64 compressed oops)
Heap:
 PSYoungGen      total 50176K, used 9971K [0x00000000eb200000, 0x00000000efd80000, 0x0000000100000000)
  eden space 45568K, 12% used [0x00000000eb200000,0x00000000eb79ca00,0x00000000ede80000)
  from space 4608K, 91% used [0x00000000ef900000,0x00000000efd20258,0x00000000efd80000)
  to   space 6656K, 0% used [0x00000000ef080000,0x00000000ef080000,0x00000000ef700000)
 ParOldGen       total 38912K, used 24438K [0x00000000c1600000, 0x00000000c3c00000, 0x00000000eb200000)
  object space 38912K, 62% used [0x00000000c1600000,0x00000000c2dddb88,0x00000000c3c00000)
 Metaspace       used 24847K, capacity 25796K, committed 25984K, reserved 1073152K
  class space    used 3186K, capacity 3432K, committed 3456K, reserved 1048576K
GC Heap History (10 events):
Event: 1.628 GC heap before
{Heap before GC invocations=3 (full 0):
 PSYoungGen      total 18944K, used 18937K [0x00000000eb200000, 0x00000000ec700000, 0x0000000100000000)
  eden space 16384K, 100% used [0x00000000eb200000,0x00000000ec200000,0x00000000ec200000)
  from space 2560K, 99% used [0x00000000ec480000,0x00000000ec6fe6d8,0x00000000ec700000)
  to   space 2560K, 0% used [0x00000000ec200000,0x00000000ec200000,0x00000000ec480000)
 ParOldGen       total 44032K, used 1795K [0x00000000c1600000, 0x00000000c4100000, 0x00000000eb200000)
  object space 44032K, 4% used [0x00000000c1600000,0x00000000c17c0d40,0x00000000c4100000)
 Metaspace       used 13421K, capacity 13746K, committed 14080K, reserved 1060864K
  class space    used 1606K, capacity 1705K, committed 1792K, reserved 1048576K
Event: 1.634 GC heap after
Heap after GC invocations=3 (full 0):
 PSYoungGen      total 18944K, used 2543K [0x00000000eb200000, 0x00000000ed700000, 0x0000000100000000)
  eden space 16384K, 0% used [0x00000000eb200000,0x00000000eb200000,0x00000000ec200000)
  from space 2560K, 99% used [0x00000000ec200000,0x00000000ec47bdc0,0x00000000ec480000)
  to   space 2560K, 0% used [0x00000000ed480000,0x00000000ed480000,0x00000000ed700000)
 ParOldGen       total 44032K, used 3796K [0x00000000c1600000, 0x00000000c4100000, 0x00000000eb200000)
  object space 44032K, 8% used [0x00000000c1600000,0x00000000c19b50e0,0x00000000c4100000)
 Metaspace       used 13421K, capacity 13746K, committed 14080K, reserved 1060864K
  class space    used 1606K, capacity 1705K, committed 1792K, reserved 1048576K
}
Event: 2.205 GC heap before
{Heap before GC invocations=4 (full 0):
 PSYoungGen      total 18944K, used 18927K [0x00000000eb200000, 0x00000000ed700000, 0x0000000100000000)
  eden space 16384K, 100% used [0x00000000eb200000,0x00000000ec200000,0x00000000ec200000)
  from space 2560K, 99% used [0x00000000ec200000,0x00000000ec47bdc0,0x00000000ec480000)
  to   space 2560K, 0% used [0x00000000ed480000,0x00000000ed480000,0x00000000ed700000)
 ParOldGen       total 44032K, used 3796K [0x00000000c1600000, 0x00000000c4100000, 0x00000000eb200000)
  object space 44032K, 8% used [0x00000000c1600000,0x00000000c19b50e0,0x00000000c4100000)
 Metaspace       used 15915K, capacity 16274K, committed 16384K, reserved 1062912K
  class space    used 1884K, capacity 2009K, committed 2048K, reserved 1048576K
Event: 2.215 GC heap after
Heap after GC invocations=4 (full 0):
 PSYoungGen      total 35328K, used 2553K [0x00000000eb200000, 0x00000000ed700000, 0x0000000100000000)
  eden space 32768K, 0% used [0x00000000eb200000,0x00000000eb200000,0x00000000ed200000)
  from space 2560K, 99% used [0x00000000ed480000,0x00000000ed6fe580,0x00000000ed700000)
  to   space 2560K, 0% used [0x00000000ed200000,0x00000000ed200000,0x00000000ed480000)
 ParOldGen       total 44032K, used 7017K [0x00000000c1600000, 0x00000000c4100000, 0x00000000eb200000)
  object space 44032K, 15% used [0x00000000c1600000,0x00000000c1cda4e0,0x00000000c4100000)
 Metaspace       used 15915K, capacity 16274K, committed 16384K, reserved 1062912K
  class space    used 1884K, capacity 2009K, committed 2048K, reserved 1048576K
}
Event: 3.456 GC heap before
{Heap before GC invocations=5 (full 0):
 PSYoungGen      total 35328K, used 31924K [0x00000000eb200000, 0x00000000ed700000, 0x0000000100000000)
  eden space 32768K, 89% used [0x00000000eb200000,0x00000000eceaed10,0x00000000ed200000)
  from space 2560K, 99% used [0x00000000ed480000,0x00000000ed6fe580,0x00000000ed700000)
  to   space 2560K, 0% used [0x00000000ed200000,0x00000000ed200000,0x00000000ed480000)
 ParOldGen       total 44032K, used 7017K [0x00000000c1600000, 0x00000000c4100000, 0x00000000eb200000)
  object space 44032K, 15% used [0x00000000c1600000,0x00000000c1cda4e0,0x00000000c4100000)
 Metaspace       used 20459K, capacity 21168K, committed 21296K, reserved 1069056K
  class space    used 2517K, capacity 2682K, committed 2688K, reserved 1048576K
Event: 3.465 GC heap after
Heap after GC invocations=5 (full 0):
 PSYoungGen      total 35328K, used 2543K [0x00000000eb200000, 0x00000000f0000000, 0x0000000100000000)
  eden space 32768K, 0% used [0x00000000eb200000,0x00000000eb200000,0x00000000ed200000)
  from space 2560K, 99% used [0x00000000ed200000,0x00000000ed47bdb0,0x00000000ed480000)
  to   space 7168K, 0% used [0x00000000ef900000,0x00000000ef900000,0x00000000f0000000)
 ParOldGen       total 44032K, used 10295K [0x00000000c1600000, 0x00000000c4100000, 0x00000000eb200000)
  object space 44032K, 23% used [0x00000000c1600000,0x00000000c200dfc8,0x00000000c4100000)
 Metaspace       used 20459K, capacity 21168K, committed 21296K, reserved 1069056K
  class space    used 2517K, capacity 2682K, committed 2688K, reserved 1048576K
}
Event: 3.465 GC heap before
{Heap before GC invocations=6 (full 1):
 PSYoungGen      total 35328K, used 2543K [0x00000000eb200000, 0x00000000f0000000, 0x0000000100000000)
  eden space 32768K, 0% used [0x00000000eb200000,0x00000000eb200000,0x00000000ed200000)
  from space 2560K, 99% used [0x00000000ed200000,0x00000000ed47bdb0,0x00000000ed480000)
  to   space 7168K, 0% used [0x00000000ef900000,0x00000000ef900000,0x00000000f0000000)
 ParOldGen       total 44032K, used 10295K [0x00000000c1600000, 0x00000000c4100000, 0x00000000eb200000)
  object space 44032K, 23% used [0x00000000c1600000,0x00000000c200dfc8,0x00000000c4100000)
 Metaspace       used 20459K, capacity 21168K, committed 21296K, reserved 1069056K
  class space    used 2517K, capacity 2682K, committed 2688K, reserved 1048576K
Event: 3.521 GC heap after
Heap after GC invocations=6 (full 1):
 PSYoungGen      total 35328K, used 0K [0x00000000eb200000, 0x00000000f0000000, 0x0000000100000000)
  eden space 32768K, 0% used [0x00000000eb200000,0x00000000eb200000,0x00000000ed200000)
  from space 2560K, 0% used [0x00000000ed200000,0x00000000ed200000,0x00000000ed480000)
  to   space 7168K, 0% used [0x00000000ef900000,0x00000000ef900000,0x00000000f0000000)
 ParOldGen       total 38912K, used 8046K [0x00000000c1600000, 0x00000000c3c00000, 0x00000000eb200000)
  object space 38912K, 20% used [0x00000000c1600000,0x00000000c1ddbb78,0x00000000c3c00000)
 Metaspace       used 20459K, capacity 21168K, committed 21296K, reserved 1069056K
  class space    used 2517K, capacity 2682K, committed 2688K, reserved 1048576K
}
Event: 6.835 GC heap before
{Heap before GC invocations=7 (full 1):
 PSYoungGen      total 35328K, used 32768K [0x00000000eb200000, 0x00000000f0000000, 0x0000000100000000)
  eden space 32768K, 100% used [0x00000000eb200000,0x00000000ed200000,0x00000000ed200000)
  from space 2560K, 0% used [0x00000000ed200000,0x00000000ed200000,0x00000000ed480000)
  to   space 7168K, 0% used [0x00000000ef900000,0x00000000ef900000,0x00000000f0000000)
 ParOldGen       total 38912K, used 24430K [0x00000000c1600000, 0x00000000c3c00000, 0x00000000eb200000)
  object space 38912K, 62% used [0x00000000c1600000,0x00000000c2ddbb88,0x00000000c3c00000)
 Metaspace       used 24380K, capacity 25342K, committed 25472K, reserved 1071104K
  class space    used 3119K, capacity 3387K, committed 3456K, reserved 1048576K
Event: 6.846 GC heap after
Heap after GC invocations=7 (full 1):
 PSYoungGen      total 50176K, used 4224K [0x00000000eb200000, 0x00000000efd80000, 0x0000000100000000)
  eden space 45568K, 0% used [0x00000000eb200000,0x00000000eb200000,0x00000000ede80000)
  from space 4608K, 91% used [0x00000000ef900000,0x00000000efd20258,0x00000000efd80000)
  to   space 6656K, 0% used [0x00000000ef080000,0x00000000ef080000,0x00000000ef700000)
 ParOldGen       total 38912K, used 24438K [0x00000000c1600000, 0x00000000c3c00000, 0x00000000eb200000)
  object space 38912K, 62% used [0x00000000c1600000,0x00000000c2dddb88,0x00000000c3c00000)
 Metaspace       used 24380K, capacity 25342K, committed 25472K, reserved 1071104K
  class space    used 3119K, capacity 3387K, committed 3456K, reserved 1048576K
}

