# JRE version: Java(TM) SE Runtime Environment (12.0.2+10) (build 12.0.2+10)
# Java VM: Java HotSpot(TM) 64-Bit Server VM (12.0.2+10, mixed mode, sharing, tiered, compressed oops, g1 gc, windows-amd64)
Heap:
 garbage-first heap   total 55296K, used 41467K [0x00000000c1600000, 0x0000000100000000)
  region size 1024K, 13 young (13312K), 2 survivors (2048K)
 Metaspace       used 26801K, capacity 27500K, committed 27772K, reserved 1073152K
  class space    used 3347K, capacity 3623K, committed 3712K, reserved 1048576K
GC Heap History (10 events):
Event: 5.546 GC heap before
{Heap before GC invocations=4 (full 0):
 garbage-first heap   total 65536K, used 12136K [0x00000000c1600000, 0x0000000100000000)
  region size 1024K, 6 young (6144K), 4 survivors (4096K)
 Metaspace       used 20559K, capacity 21156K, committed 21248K, reserved 1067008K
  class space    used 2551K, capacity 2791K, committed 2816K, reserved 1048576K
}
Event: 5.552 GC heap after
{Heap after GC invocations=5 (full 0):
 garbage-first heap   total 65536K, used 11375K [0x00000000c1600000, 0x0000000100000000)
  region size 1024K, 2 young (2048K), 2 survivors (2048K)
 Metaspace       used 20559K, capacity 21156K, committed 21248K, reserved 1067008K
  class space    used 2551K, capacity 2791K, committed 2816K, reserved 1048576K
}
Event: 5.597 GC heap before
{Heap before GC invocations=6 (full 0):
 garbage-first heap   total 45056K, used 12399K [0x00000000c1600000, 0x0000000100000000)
  region size 1024K, 4 young (4096K), 2 survivors (2048K)
 Metaspace       used 20718K, capacity 21316K, committed 21628K, reserved 1069056K
  class space    used 2585K, capacity 2823K, committed 2944K, reserved 1048576K
}
Event: 5.599 GC heap after
{Heap after GC invocations=7 (full 0):
 garbage-first heap   total 45056K, used 11328K [0x00000000c1600000, 0x0000000100000000)
  region size 1024K, 2 young (2048K), 2 survivors (2048K)
 Metaspace       used 20718K, capacity 21316K, committed 21628K, reserved 1069056K
  class space    used 2585K, capacity 2823K, committed 2944K, reserved 1048576K
}
Event: 19.078 GC heap before
{Heap before GC invocations=8 (full 0):
 garbage-first heap   total 51200K, used 48192K [0x00000000c1600000, 0x0000000100000000)
  region size 1024K, 21 young (21504K), 2 survivors (2048K)
 Metaspace       used 23072K, capacity 23790K, committed 23932K, reserved 1071104K
  class space    used 2868K, capacity 3134K, committed 3200K, reserved 1048576K
}
Event: 19.082 GC heap after
{Heap after GC invocations=9 (full 0):
 garbage-first heap   total 52224K, used 29516K [0x00000000c1600000, 0x0000000100000000)
  region size 1024K, 3 young (3072K), 3 survivors (3072K)
 Metaspace       used 23072K, capacity 23790K, committed 23932K, reserved 1071104K
  class space    used 2868K, capacity 3134K, committed 3200K, reserved 1048576K
}
Event: 20.059 GC heap before
{Heap before GC invocations=9 (full 0):
 garbage-first heap   total 52224K, used 40780K [0x00000000c1600000, 0x0000000100000000)
  region size 1024K, 14 young (14336K), 3 survivors (3072K)
 Metaspace       used 24318K, capacity 25011K, committed 25340K, reserved 1071104K
  class space    used 3006K, capacity 3264K, committed 3328K, reserved 1048576K
}
Event: 20.063 GC heap after
{Heap after GC invocations=10 (full 0):
 garbage-first heap   total 52224K, used 29743K [0x00000000c1600000, 0x0000000100000000)
  region size 1024K, 2 young (2048K), 2 survivors (2048K)
 Metaspace       used 24318K, capacity 25011K, committed 25340K, reserved 1071104K
  class space    used 3006K, capacity 3264K, committed 3328K, reserved 1048576K
}
Event: 20.665 GC heap before
{Heap before GC invocations=11 (full 0):
 garbage-first heap   total 55296K, used 41007K [0x00000000c1600000, 0x0000000100000000)
  region size 1024K, 13 young (13312K), 2 survivors (2048K)
 Metaspace       used 25471K, capacity 26133K, committed 26236K, reserved 1073152K
  class space    used 3174K, capacity 3424K, committed 3456K, reserved 1048576K
}
Event: 20.670 GC heap after
{Heap after GC invocations=12 (full 0):
 garbage-first heap   total 55296K, used 31227K [0x00000000c1600000, 0x0000000100000000)
  region size 1024K, 2 young (2048K), 2 survivors (2048K)
 Metaspace       used 25471K, capacity 26133K, committed 26236K, reserved 1073152K
  class space    used 3174K, capacity 3424K, committed 3456K, reserved 1048576K
}

