# JRE version: Java(TM) SE Runtime Environment (8.0_281-b09) (build 1.8.0_281-b09)
# Java VM: Java HotSpot(TM) 64-Bit Server VM (25.281-b09 mixed mode windows-amd64 compressed oops)
Heap:
 PSYoungGen      total 70656K, used 37573K [0x00000000eb200000, 0x00000000f2280000, 0x0000000100000000)
  eden space 60928K, 45% used [0x00000000eb200000,0x00000000ecd32e50,0x00000000eed80000)
  from space 9728K, 99% used [0x00000000eed80000,0x00000000ef6fe858,0x00000000ef700000)
  to   space 17408K, 0% used [0x00000000f1180000,0x00000000f1180000,0x00000000f2280000)
 ParOldGen       total 42496K, used 28526K [0x00000000c1600000, 0x00000000c3f80000, 0x00000000eb200000)
  object space 42496K, 67% used [0x00000000c1600000,0x00000000c31dbad0,0x00000000c3f80000)
 Metaspace       used 25008K, capacity 25626K, committed 25856K, reserved 1073152K
  class space    used 2864K, capacity 2992K, committed 3072K, reserved 1048576K
GC Heap History (10 events):
Event: 11.461 GC heap before
{Heap before GC invocations=6 (full 0):
 PSYoungGen      total 65536K, used 65520K [0x00000000eb200000, 0x00000000f0180000, 0x0000000100000000)
  eden space 62976K, 100% used [0x00000000eb200000,0x00000000eef80000,0x00000000eef80000)
  from space 2560K, 99% used [0x00000000ef200000,0x00000000ef47c010,0x00000000ef480000)
  to   space 9216K, 0% used [0x00000000ef880000,0x00000000ef880000,0x00000000f0180000)
 ParOldGen       total 44032K, used 14053K [0x00000000c1600000, 0x00000000c4100000, 0x00000000eb200000)
  object space 44032K, 31% used [0x00000000c1600000,0x00000000c23b9638,0x00000000c4100000)
 Metaspace       used 20352K, capacity 20838K, committed 20992K, reserved 1067008K
  class space    used 2421K, capacity 2555K, committed 2560K, reserved 1048576K
Event: 11.489 GC heap after
Heap after GC invocations=6 (full 0):
 PSYoungGen      total 69120K, used 7626K [0x00000000eb200000, 0x00000000f0080000, 0x0000000100000000)
  eden space 60928K, 0% used [0x00000000eb200000,0x00000000eb200000,0x00000000eed80000)
  from space 8192K, 93% used [0x00000000ef880000,0x00000000efff2978,0x00000000f0080000)
  to   space 9728K, 0% used [0x00000000eed80000,0x00000000eed80000,0x00000000ef700000)
 ParOldGen       total 44032K, used 14061K [0x00000000c1600000, 0x00000000c4100000, 0x00000000eb200000)
  object space 44032K, 31% used [0x00000000c1600000,0x00000000c23bb638,0x00000000c4100000)
 Metaspace       used 20352K, capacity 20838K, committed 20992K, reserved 1067008K
  class space    used 2421K, capacity 2555K, committed 2560K, reserved 1048576K
}
Event: 12.366 GC heap before
{Heap before GC invocations=7 (full 0):
 PSYoungGen      total 69120K, used 11333K [0x00000000eb200000, 0x00000000f0080000, 0x0000000100000000)
  eden space 60928K, 6% used [0x00000000eb200000,0x00000000eb59ec18,0x00000000eed80000)
  from space 8192K, 93% used [0x00000000ef880000,0x00000000efff2978,0x00000000f0080000)
  to   space 9728K, 0% used [0x00000000eed80000,0x00000000eed80000,0x00000000ef700000)
 ParOldGen       total 44032K, used 14061K [0x00000000c1600000, 0x00000000c4100000, 0x00000000eb200000)
  object space 44032K, 31% used [0x00000000c1600000,0x00000000c23bb638,0x00000000c4100000)
 Metaspace       used 20669K, capacity 21158K, committed 21296K, reserved 1069056K
  class space    used 2467K, capacity 2619K, committed 2688K, reserved 1048576K
Event: 12.381 GC heap after
Heap after GC invocations=7 (full 0):
 PSYoungGen      total 70656K, used 5927K [0x00000000eb200000, 0x00000000f0080000, 0x0000000100000000)
  eden space 60928K, 0% used [0x00000000eb200000,0x00000000eb200000,0x00000000eed80000)
  from space 9728K, 60% used [0x00000000eed80000,0x00000000ef349f78,0x00000000ef700000)
  to   space 8192K, 0% used [0x00000000ef880000,0x00000000ef880000,0x00000000f0080000)
 ParOldGen       total 44032K, used 14643K [0x00000000c1600000, 0x00000000c4100000, 0x00000000eb200000)
  object space 44032K, 33% used [0x00000000c1600000,0x00000000c244cf30,0x00000000c4100000)
 Metaspace       used 20669K, capacity 21158K, committed 21296K, reserved 1069056K
  class space    used 2467K, capacity 2619K, committed 2688K, reserved 1048576K
}
Event: 12.381 GC heap before
{Heap before GC invocations=8 (full 1):
 PSYoungGen      total 70656K, used 5927K [0x00000000eb200000, 0x00000000f0080000, 0x0000000100000000)
  eden space 60928K, 0% used [0x00000000eb200000,0x00000000eb200000,0x00000000eed80000)
  from space 9728K, 60% used [0x00000000eed80000,0x00000000ef349f78,0x00000000ef700000)
  to   space 8192K, 0% used [0x00000000ef880000,0x00000000ef880000,0x00000000f0080000)
 ParOldGen       total 44032K, used 14643K [0x00000000c1600000, 0x00000000c4100000, 0x00000000eb200000)
  object space 44032K, 33% used [0x00000000c1600000,0x00000000c244cf30,0x00000000c4100000)
 Metaspace       used 20669K, capacity 21158K, committed 21296K, reserved 1069056K
  class space    used 2467K, capacity 2619K, committed 2688K, reserved 1048576K
Event: 12.491 GC heap after
Heap after GC invocations=8 (full 1):
 PSYoungGen      total 70656K, used 0K [0x00000000eb200000, 0x00000000f0080000, 0x0000000100000000)
  eden space 60928K, 0% used [0x00000000eb200000,0x00000000eb200000,0x00000000eed80000)
  from space 9728K, 0% used [0x00000000eed80000,0x00000000eed80000,0x00000000ef700000)
  to   space 8192K, 0% used [0x00000000ef880000,0x00000000ef880000,0x00000000f0080000)
 ParOldGen       total 42496K, used 12111K [0x00000000c1600000, 0x00000000c3f80000, 0x00000000eb200000)
  object space 42496K, 28% used [0x00000000c1600000,0x00000000c21d3c88,0x00000000c3f80000)
 Metaspace       used 20669K, capacity 21158K, committed 21296K, reserved 1069056K
  class space    used 2467K, capacity 2619K, committed 2688K, reserved 1048576K
}
Event: 14.461 GC heap before
{Heap before GC invocations=9 (full 1):
 PSYoungGen      total 70656K, used 60928K [0x00000000eb200000, 0x00000000f0080000, 0x0000000100000000)
  eden space 60928K, 100% used [0x00000000eb200000,0x00000000eed80000,0x00000000eed80000)
  from space 9728K, 0% used [0x00000000eed80000,0x00000000eed80000,0x00000000ef700000)
  to   space 8192K, 0% used [0x00000000ef880000,0x00000000ef880000,0x00000000f0080000)
 ParOldGen       total 42496K, used 12111K [0x00000000c1600000, 0x00000000c3f80000, 0x00000000eb200000)
  object space 42496K, 28% used [0x00000000c1600000,0x00000000c21d3c88,0x00000000c3f80000)
 Metaspace       used 22774K, capacity 23356K, committed 23552K, reserved 1071104K
  class space    used 2663K, capacity 2796K, committed 2816K, reserved 1048576K
Event: 14.484 GC heap after
Heap after GC invocations=9 (full 1):
 PSYoungGen      total 69120K, used 8181K [0x00000000eb200000, 0x00000000f0080000, 0x0000000100000000)
  eden space 60928K, 0% used [0x00000000eb200000,0x00000000eb200000,0x00000000eed80000)
  from space 8192K, 99% used [0x00000000ef880000,0x00000000f007d6f8,0x00000000f0080000)
  to   space 9728K, 0% used [0x00000000eed80000,0x00000000eed80000,0x00000000ef700000)
 ParOldGen       total 42496K, used 21807K [0x00000000c1600000, 0x00000000c3f80000, 0x00000000eb200000)
  object space 42496K, 51% used [0x00000000c1600000,0x00000000c2b4bf18,0x00000000c3f80000)
 Metaspace       used 22774K, capacity 23356K, committed 23552K, reserved 1071104K
  class space    used 2663K, capacity 2796K, committed 2816K, reserved 1048576K
}
Event: 16.669 GC heap before
{Heap before GC invocations=10 (full 1):
 PSYoungGen      total 69120K, used 69109K [0x00000000eb200000, 0x00000000f0080000, 0x0000000100000000)
  eden space 60928K, 100% used [0x00000000eb200000,0x00000000eed80000,0x00000000eed80000)
  from space 8192K, 99% used [0x00000000ef880000,0x00000000f007d6f8,0x00000000f0080000)
  to   space 9728K, 0% used [0x00000000eed80000,0x00000000eed80000,0x00000000ef700000)
 ParOldGen       total 42496K, used 21807K [0x00000000c1600000, 0x00000000c3f80000, 0x00000000eb200000)
  object space 42496K, 51% used [0x00000000c1600000,0x00000000c2b4bf18,0x00000000c3f80000)
 Metaspace       used 24831K, capacity 25498K, committed 25856K, reserved 1073152K
  class space    used 2854K, capacity 2992K, committed 3072K, reserved 1048576K
Event: 16.685 GC heap after
Heap after GC invocations=10 (full 1):
 PSYoungGen      total 70656K, used 9722K [0x00000000eb200000, 0x00000000f2280000, 0x0000000100000000)
  eden space 60928K, 0% used [0x00000000eb200000,0x00000000eb200000,0x00000000eed80000)
  from space 9728K, 99% used [0x00000000eed80000,0x00000000ef6fe858,0x00000000ef700000)
  to   space 17408K, 0% used [0x00000000f1180000,0x00000000f1180000,0x00000000f2280000)
 ParOldGen       total 42496K, used 28526K [0x00000000c1600000, 0x00000000c3f80000, 0x00000000eb200000)
  object space 42496K, 67% used [0x00000000c1600000,0x00000000c31dbad0,0x00000000c3f80000)
 Metaspace       used 24831K, capacity 25498K, committed 25856K, reserved 1073152K
  class space    used 2854K, capacity 2992K, committed 3072K, reserved 1048576K
}

