# JRE version: Java(TM) SE Runtime Environment (12.0.2+10) (build 12.0.2+10)
# Java VM: Java HotSpot(TM) 64-Bit Server VM (12.0.2+10, mixed mode, sharing, tiered, compressed oops, g1 gc, windows-amd64)
Heap:
 garbage-first heap   total 104448K, used 50319K [0x00000000c1600000, 0x0000000100000000)
  region size 1024K, 2 young (2048K), 2 survivors (2048K)
 Metaspace       used 29171K, capacity 29842K, committed 30076K, reserved 1075200K
  class space    used 3619K, capacity 3906K, committed 3964K, reserved 1048576K
GC Heap History (10 events):
Event: 18.913 GC heap before
{Heap before GC invocations=11 (full 0):
 garbage-first heap   total 55296K, used 38563K [0x00000000c1600000, 0x0000000100000000)
  region size 1024K, 11 young (11264K), 2 survivors (2048K)
 Metaspace       used 25514K, capacity 26228K, committed 26492K, reserved 1073152K
  class space    used 3170K, capacity 3413K, committed 3452K, reserved 1048576K
}
Event: 18.918 GC heap after
{Heap after GC invocations=12 (full 0):
 garbage-first heap   total 55296K, used 30895K [0x00000000c1600000, 0x0000000100000000)
  region size 1024K, 1 young (1024K), 1 survivors (1024K)
 Metaspace       used 25514K, capacity 26228K, committed 26492K, reserved 1073152K
  class space    used 3170K, capacity 3413K, committed 3452K, reserved 1048576K
}
Event: 19.773 GC heap before
{Heap before GC invocations=12 (full 0):
 garbage-first heap   total 55296K, used 42159K [0x00000000c1600000, 0x0000000100000000)
  region size 1024K, 12 young (12288K), 1 survivors (1024K)
 Metaspace       used 26545K, capacity 27228K, committed 27516K, reserved 1073152K
  class space    used 3309K, capacity 3597K, committed 3708K, reserved 1048576K
}
Event: 19.776 GC heap after
{Heap after GC invocations=13 (full 0):
 garbage-first heap   total 55296K, used 31226K [0x00000000c1600000, 0x0000000100000000)
  region size 1024K, 1 young (1024K), 1 survivors (1024K)
 Metaspace       used 26545K, capacity 27228K, committed 27516K, reserved 1073152K
  class space    used 3309K, capacity 3597K, committed 3708K, reserved 1048576K
}
Event: 80.346 GC heap before
{Heap before GC invocations=14 (full 0):
 garbage-first heap   total 83968K, used 58874K [0x00000000c1600000, 0x0000000100000000)
  region size 1024K, 11 young (11264K), 1 survivors (1024K)
 Metaspace       used 27473K, capacity 28165K, committed 28284K, reserved 1073152K
  class space    used 3403K, capacity 3673K, committed 3708K, reserved 1048576K
}
Event: 80.350 GC heap after
{Heap after GC invocations=15 (full 0):
 garbage-first heap   total 83968K, used 49152K [0x00000000c1600000, 0x0000000100000000)
  region size 1024K, 2 young (2048K), 2 survivors (2048K)
 Metaspace       used 27473K, capacity 28165K, committed 28284K, reserved 1073152K
  class space    used 3403K, capacity 3673K, committed 3708K, reserved 1048576K
}
Event: 80.582 GC heap before
{Heap before GC invocations=15 (full 0):
 garbage-first heap   total 83968K, used 63488K [0x00000000c1600000, 0x0000000100000000)
  region size 1024K, 16 young (16384K), 2 survivors (2048K)
 Metaspace       used 28526K, capacity 29172K, committed 29564K, reserved 1075200K
  class space    used 3567K, capacity 3835K, committed 3964K, reserved 1048576K
}
Event: 80.585 GC heap after
{Heap after GC invocations=16 (full 0):
 garbage-first heap   total 83968K, used 49556K [0x00000000c1600000, 0x0000000100000000)
  region size 1024K, 1 young (1024K), 1 survivors (1024K)
 Metaspace       used 28526K, capacity 29172K, committed 29564K, reserved 1075200K
  class space    used 3567K, capacity 3835K, committed 3964K, reserved 1048576K
}
Event: 81.441 GC heap before
{Heap before GC invocations=17 (full 0):
 garbage-first heap   total 87040K, used 59796K [0x00000000c1600000, 0x0000000100000000)
  region size 1024K, 13 young (13312K), 1 survivors (1024K)
 Metaspace       used 29171K, capacity 29842K, committed 30076K, reserved 1075200K
  class space    used 3619K, capacity 3906K, committed 3964K, reserved 1048576K
}
Event: 81.444 GC heap after
{Heap after GC invocations=18 (full 0):
 garbage-first heap   total 87040K, used 50319K [0x00000000c1600000, 0x0000000100000000)
  region size 1024K, 2 young (2048K), 2 survivors (2048K)
 Metaspace       used 29171K, capacity 29842K, committed 30076K, reserved 1075200K
  class space    used 3619K, capacity 3906K, committed 3964K, reserved 1048576K
}

