# JRE version: Java(TM) SE Runtime Environment (12.0.2+10) (build 12.0.2+10)
# Java VM: Java HotSpot(TM) 64-Bit Server VM (12.0.2+10, mixed mode, sharing, tiered, compressed oops, g1 gc, windows-amd64)
Heap:
 garbage-first heap   total 53248K, used 28957K [0x00000000c1600000, 0x0000000100000000)
  region size 1024K, 3 young (3072K), 2 survivors (2048K)
 Metaspace       used 20721K, capacity 21382K, committed 21628K, reserved 1069056K
  class space    used 2584K, capacity 2823K, committed 2944K, reserved 1048576K
GC Heap History (10 events):
Event: 1.299 GC heap before
{Heap before GC invocations=0 (full 0):
 garbage-first heap   total 65536K, used 14336K [0x00000000c1600000, 0x0000000100000000)
  region size 1024K, 14 young (14336K), 0 survivors (0K)
 Metaspace       used 1909K, capacity 5212K, committed 5376K, reserved 1056768K
  class space    used 193K, capacity 504K, committed 512K, reserved 1048576K
}
Event: 1.307 GC heap after
{Heap after GC invocations=1 (full 0):
 garbage-first heap   total 65536K, used 5737K [0x00000000c1600000, 0x0000000100000000)
  region size 1024K, 2 young (2048K), 2 survivors (2048K)
 Metaspace       used 1909K, capacity 5212K, committed 5376K, reserved 1056768K
  class space    used 193K, capacity 504K, committed 512K, reserved 1048576K
}
Event: 4.266 GC heap before
{Heap before GC invocations=1 (full 0):
 garbage-first heap   total 65536K, used 42601K [0x00000000c1600000, 0x0000000100000000)
  region size 1024K, 38 young (38912K), 2 survivors (2048K)
 Metaspace       used 9140K, capacity 9499K, committed 9728K, reserved 1058816K
  class space    used 1071K, capacity 1174K, committed 1280K, reserved 1048576K
}
Event: 4.285 GC heap after
{Heap after GC invocations=2 (full 0):
 garbage-first heap   total 65536K, used 7869K [0x00000000c1600000, 0x0000000100000000)
  region size 1024K, 5 young (5120K), 5 survivors (5120K)
 Metaspace       used 9140K, capacity 9499K, committed 9728K, reserved 1058816K
  class space    used 1071K, capacity 1174K, committed 1280K, reserved 1048576K
}
Event: 5.667 GC heap before
{Heap before GC invocations=2 (full 0):
 garbage-first heap   total 65536K, used 39613K [0x00000000c1600000, 0x0000000100000000)
  region size 1024K, 36 young (36864K), 5 survivors (5120K)
 Metaspace       used 15267K, capacity 15678K, committed 15872K, reserved 1062912K
  class space    used 1797K, capacity 1951K, committed 2048K, reserved 1048576K
}
Event: 5.677 GC heap after
{Heap after GC invocations=3 (full 0):
 garbage-first heap   total 65536K, used 10162K [0x00000000c1600000, 0x0000000100000000)
  region size 1024K, 5 young (5120K), 5 survivors (5120K)
 Metaspace       used 15267K, capacity 15678K, committed 15872K, reserved 1062912K
  class space    used 1797K, capacity 1951K, committed 2048K, reserved 1048576K
}
Event: 8.134 GC heap before
{Heap before GC invocations=3 (full 0):
 garbage-first heap   total 65536K, used 41906K [0x00000000c1600000, 0x0000000100000000)
  region size 1024K, 37 young (37888K), 5 survivors (5120K)
 Metaspace       used 20557K, capacity 21158K, committed 21248K, reserved 1067008K
  class space    used 2549K, capacity 2791K, committed 2816K, reserved 1048576K
}
Event: 8.152 GC heap after
{Heap after GC invocations=4 (full 0):
 garbage-first heap   total 65536K, used 11457K [0x00000000c1600000, 0x0000000100000000)
  region size 1024K, 4 young (4096K), 4 survivors (4096K)
 Metaspace       used 20557K, capacity 21158K, committed 21248K, reserved 1067008K
  class space    used 2549K, capacity 2791K, committed 2816K, reserved 1048576K
}
Event: 8.214 GC heap before
{Heap before GC invocations=5 (full 0):
 garbage-first heap   total 45056K, used 12481K [0x00000000c1600000, 0x0000000100000000)
  region size 1024K, 6 young (6144K), 4 survivors (4096K)
 Metaspace       used 20702K, capacity 21318K, committed 21628K, reserved 1069056K
  class space    used 2581K, capacity 2823K, committed 2944K, reserved 1048576K
}
Event: 8.219 GC heap after
{Heap after GC invocations=6 (full 0):
 garbage-first heap   total 45056K, used 11549K [0x00000000c1600000, 0x0000000100000000)
  region size 1024K, 2 young (2048K), 2 survivors (2048K)
 Metaspace       used 20702K, capacity 21318K, committed 21628K, reserved 1069056K
  class space    used 2581K, capacity 2823K, committed 2944K, reserved 1048576K
}

