<?xml version="1.0" encoding="UTF-8"?>
<!-- Generated by org.testng.reporters.JUnitXMLReporter -->
<testsuite ignored="0" hostname="LAPTOP-M8PGPC8C" failures="0" tests="3" name="Default test" time="79.724" errors="0" timestamp="2021-05-19T00:36:30 IST">
  <testcase classname="com.Demo_Orange.TestCases.Login_TestCase" name="OrangeDemo" time="21.429"/>
  <testcase classname="com.Demo_Orange.TestCases.Login_TestCase" name="OrangeDemo" time="27.614"/>
  <testcase classname="com.Demo_Orange.TestCases.Login_TestCase" name="OrangeDemo" time="15.423"/>
</testsuite> <!-- Default test -->
